Mon Jun 04 2018 17:39:27 GMT+0300 (EEST): GET /home
Mon Jun 04 2018 17:39:28 GMT+0300 (EEST): GET /main.css
Mon Jun 04 2018 17:39:28 GMT+0300 (EEST): GET /main.js
Mon Jun 04 2018 17:39:28 GMT+0300 (EEST): GET /main.jsMon Jun 04 2018 18:02:13 GMT+0300 (EEST): GET /home
Mon Jun 04 2018 18:02:14 GMT+0300 (EEST): GET /main.css
Mon Jun 04 2018 18:02:14 GMT+0300 (EEST): GET /main.js
Mon Jun 04 2018 18:02:14 GMT+0300 (EEST): GET /main.js
Mon Jun 04 2018 18:02:27 GMT+0300 (EEST): GET /home
Mon Jun 04 2018 18:02:28 GMT+0300 (EEST): GET /home
Mon Jun 04 2018 18:02:30 GMT+0300 (EEST): GET /home
Mon Jun 04 2018 18:03:49 GMT+0300 (EEST): GET /home
Mon Jun 04 2018 18:03:49 GMT+0300 (EEST): GET /main.css
Mon Jun 04 2018 18:03:49 GMT+0300 (EEST): GET /main.js
Mon Jun 04 2018 18:04:18 GMT+0300 (EEST): GET /home
Mon Jun 04 2018 18:04:18 GMT+0300 (EEST): GET /main.css
Mon Jun 04 2018 18:04:18 GMT+0300 (EEST): GET /main.js
Mon Jun 04 2018 20:36:51 GMT+0300 (EEST): GET /main.css
Mon Jun 04 2018 20:36:51 GMT+0300 (EEST): GET /main.js
Mon Jun 04 2018 20:39:14 GMT+0300 (EEST): GET /help.html
Mon Jun 04 2018 20:39:14 GMT+0300 (EEST): GET /main.css
Mon Jun 04 2018 20:39:14 GMT+0300 (EEST): GET /main.js
Mon Jun 04 2018 20:39:14 GMT+0300 (EEST): GET /help.html
Mon Jun 04 2018 20:39:14 GMT+0300 (EEST): GET /main.css
Mon Jun 04 2018 20:39:14 GMT+0300 (EEST): GET /main.js
Mon Jun 04 2018 20:39:51 GMT+0300 (EEST): GET /help.html
Mon Jun 04 2018 20:39:51 GMT+0300 (EEST): GET /main.css
Mon Jun 04 2018 20:39:51 GMT+0300 (EEST): GET /main.js
